<?xml version="1.0" encoding="UTF-8"?>
<testng-results ignored="0" total="1" passed="1" failed="0" skipped="0">
  <reporter-output>
  </reporter-output>
  <suite started-at="2021-02-11T04:54:17Z" name="Default suite" finished-at="2021-02-11T04:54:17Z" duration-ms="19">
    <groups>
    </groups>
    <test started-at="2021-02-11T04:54:17Z" name="Default test" finished-at="2021-02-11T04:54:17Z" duration-ms="19">
      <class name="com.qa.tests.LoginTest">
        <test-method signature="test1()[pri:0, instance:com.qa.tests.LoginTest@27508c5d]" started-at="2021-02-11T04:54:17Z" name="test1" finished-at="2021-02-11T04:54:17Z" duration-ms="5" status="PASS">
          <reporter-output>
          </reporter-output>
        </test-method> <!-- test1 -->
      </class> <!-- com.qa.tests.LoginTest -->
    </test> <!-- Default test -->
  </suite> <!-- Default suite -->
</testng-results>
